<?xml version="1.0" encoding="UTF-8"?>
<testng-results ignored="0" total="2" passed="2" failed="0" skipped="0">
  <reporter-output>
  </reporter-output>
  <suite started-at="2026-03-17T15:15:25 IST" name="Default suite" finished-at="2026-03-17T15:15:25 IST" duration-ms="43">
    <groups>
    </groups>
    <test started-at="2026-03-17T15:15:25 IST" name="Default test" finished-at="2026-03-17T15:15:25 IST" duration-ms="43">
      <class name="pac1.ContactTest">
        <test-method signature="createContactTeat()[pri:0, instance:pac1.ContactTest@4802796d]" started-at="2026-03-17T15:15:25 IST" name="createContactTeat" finished-at="2026-03-17T15:15:25 IST" duration-ms="8" status="PASS">
          <reporter-output>
          </reporter-output>
        </test-method> <!-- createContactTeat -->
        <test-method signature="modifycontactTest()[pri:0, instance:pac1.ContactTest@4802796d]" started-at="2026-03-17T15:15:25 IST" name="modifycontactTest" finished-at="2026-03-17T15:15:25 IST" duration-ms="1" status="PASS">
          <reporter-output>
          </reporter-output>
        </test-method> <!-- modifycontactTest -->
      </class> <!-- pac1.ContactTest -->
    </test> <!-- Default test -->
  </suite> <!-- Default suite -->
</testng-results>
